d:\visualstudio\mfcprocessviewer\mfcprocessviewer\x64\debug\mfcprocessviewer.pch
d:\visualstudio\mfcprocessviewer\mfcprocessviewer\x64\debug\vc143.pdb
d:\visualstudio\mfcprocessviewer\mfcprocessviewer\x64\debug\vc143.idb
d:\visualstudio\mfcprocessviewer\mfcprocessviewer\x64\debug\pch.obj
d:\visualstudio\mfcprocessviewer\mfcprocessviewer\x64\debug\mfcprocessviewerdlg.obj
d:\visualstudio\mfcprocessviewer\mfcprocessviewer\x64\debug\mfcprocessviewer.obj
d:\visualstudio\mfcprocessviewer\mfcprocessviewer\x64\debug\mfcprocessviewer.res
d:\visualstudio\mfcprocessviewer\mfcprocessviewer\x64\debug\mfcprocessviewer.ilk
d:\visualstudio\mfcprocessviewer\x64\debug\mfcprocessviewer.pdb
d:\visualstudio\mfcprocessviewer\mfcprocessviewer\x64\debug\mfcprocessviewer.tlog\cl.command.1.tlog
d:\visualstudio\mfcprocessviewer\mfcprocessviewer\x64\debug\mfcprocessviewer.tlog\cl.items.tlog
d:\visualstudio\mfcprocessviewer\mfcprocessviewer\x64\debug\mfcprocessviewer.tlog\cl.read.1.tlog
d:\visualstudio\mfcprocessviewer\mfcprocessviewer\x64\debug\mfcprocessviewer.tlog\cl.write.1.tlog
d:\visualstudio\mfcprocessviewer\mfcprocessviewer\x64\debug\mfcprocessviewer.tlog\link-cvtres.read.1.tlog
d:\visualstudio\mfcprocessviewer\mfcprocessviewer\x64\debug\mfcprocessviewer.tlog\link-cvtres.write.1.tlog
d:\visualstudio\mfcprocessviewer\mfcprocessviewer\x64\debug\mfcprocessviewer.tlog\link-mt.read.1.tlog
d:\visualstudio\mfcprocessviewer\mfcprocessviewer\x64\debug\mfcprocessviewer.tlog\link-mt.write.1.tlog
d:\visualstudio\mfcprocessviewer\mfcprocessviewer\x64\debug\mfcprocessviewer.tlog\link-rc.read.1.tlog
d:\visualstudio\mfcprocessviewer\mfcprocessviewer\x64\debug\mfcprocessviewer.tlog\link-rc.write.1.tlog
d:\visualstudio\mfcprocessviewer\mfcprocessviewer\x64\debug\mfcprocessviewer.tlog\link.27200-cvtres.read.1.tlog
d:\visualstudio\mfcprocessviewer\mfcprocessviewer\x64\debug\mfcprocessviewer.tlog\link.27200-cvtres.write.1.tlog
d:\visualstudio\mfcprocessviewer\mfcprocessviewer\x64\debug\mfcprocessviewer.tlog\link.27200-mt.read.1.tlog
d:\visualstudio\mfcprocessviewer\mfcprocessviewer\x64\debug\mfcprocessviewer.tlog\link.27200-mt.write.1.tlog
d:\visualstudio\mfcprocessviewer\mfcprocessviewer\x64\debug\mfcprocessviewer.tlog\link.27200-rc.read.1.tlog
d:\visualstudio\mfcprocessviewer\mfcprocessviewer\x64\debug\mfcprocessviewer.tlog\link.27200-rc.write.1.tlog
d:\visualstudio\mfcprocessviewer\mfcprocessviewer\x64\debug\mfcprocessviewer.tlog\link.27200.read.1.tlog
d:\visualstudio\mfcprocessviewer\mfcprocessviewer\x64\debug\mfcprocessviewer.tlog\link.27200.read.2.tlog
d:\visualstudio\mfcprocessviewer\mfcprocessviewer\x64\debug\mfcprocessviewer.tlog\link.27200.write.1.tlog
d:\visualstudio\mfcprocessviewer\mfcprocessviewer\x64\debug\mfcprocessviewer.tlog\link.command.1.tlog
d:\visualstudio\mfcprocessviewer\mfcprocessviewer\x64\debug\mfcprocessviewer.tlog\link.read.1.tlog
d:\visualstudio\mfcprocessviewer\mfcprocessviewer\x64\debug\mfcprocessviewer.tlog\link.secondary.1.tlog
d:\visualstudio\mfcprocessviewer\mfcprocessviewer\x64\debug\mfcprocessviewer.tlog\link.write.1.tlog
d:\visualstudio\mfcprocessviewer\mfcprocessviewer\x64\debug\mfcprocessviewer.tlog\rc.command.1.tlog
d:\visualstudio\mfcprocessviewer\mfcprocessviewer\x64\debug\mfcprocessviewer.tlog\rc.read.1.tlog
d:\visualstudio\mfcprocessviewer\mfcprocessviewer\x64\debug\mfcprocessviewer.tlog\rc.write.1.tlog
